#
# A fatal error has been detected by the Java Runtime Environment:
#
#  SIGSEGV (0xb) at pc=0x000000011cfc4966, pid=2208, tid=2571
#
# JRE version: Java(TM) SE Runtime Environment (8.0_60-b27) (build 1.8.0_60-b27)
# Java VM: Java HotSpot(TM) 64-Bit Server VM (25.60-b23 mixed mode bsd-amd64 compressed oops)
# Problematic frame:
# C  [libglass.dylib+0x23966]  -[GlassWindow(Java) _sendJavaWindowMoveEventForFrame:]+0xf6
#
# Failed to write core dump. Core dumps have been disabled. To enable core dumping, try "ulimit -c unlimited" before starting Java again
#
# If you would like to submit a bug report, please visit:
#   http://bugreport.java.com/bugreport/crash.jsp
#

---------------  T H R E A D  ---------------

Current thread is native thread

siginfo: si_signo: 11 (SIGSEGV), si_code: 1 (SEGV_MAPERR), si_addr: 0x0000000000000000

Registers:
RAX=0x000000011cfea540, RBX=0x0000000000000000, RCX=0x00000000007f8000, RDX=0x000000000068e800
RSP=0x00007fff5c7555a0, RBP=0x00007fff5c7559e0, RSI=0x0000000000000800, RDI=0x0000000000000000
R8 =0x0000000000000000, R9 =0x0000000000000004, R10=0x000000000016a000, R11=0x0000000073167f3d
R12=0x00007fff7dbee070, R13=0x00007fff5c7559f0, R14=0x00007fa4a345a030, R15=0x00007fa4a502daf8
RIP=0x000000011cfc4966, EFLAGS=0x0000000000010202, ERR=0x0000000000000004
  TRAPNO=0x000000000000000e

Top of Stack: (sp=0x00007fff5c7555a0)
0x00007fff5c7555a0:   40f0388000000000 00007fa4a502da00
0x00007fff5c7555b0:   000000011cfc491d 000000011cfc6101
0x00007fff5c7555c0:   00007fff8b394bbc 00007fff8b394b4f
0x00007fff5c7555d0:   00007fff8b394ac7 00007fff8b394832
0x00007fff5c7555e0:   00007fff8b3515e2 00007fff8b350835
0x00007fff5c7555f0:   00007fff8f38a17a 00007fff8e6d0a4a
0x00007fff5c755600:   00007fff8e6cfc88 00007fff8e6cfba3
0x00007fff5c755610:   00007fff8e83cea1 00007fff8e739325
0x00007fff5c755620:   00007fff8e83c595 00007fff8e93bc75
0x00007fff5c755630:   00007fff8ef12c7e 00007fff8ef129e1
0x00007fff5c755640:   00007fff8ee2df17 00007fff9fbee333
0x00007fff5c755650:   00007fff9fbee2d4 00007fff9786340b
0x00007fff5c755660:   00007fff97876c1c 00007fff8b3be9e9
0x00007fff5c755670:   00007fff8b37d8dd 00007fff8b37ced8
0x00007fff5c755680:   00000001034ac463 00000001034a81ac
0x00007fff5c755690:   00000001034ae4c0 00000001034a7a04
0x00007fff5c7556a0:   0000000000000008 00007fa4a345a030
0x00007fff5c7556b0:   00007fff7a634500 0000000000000000
0x00007fff5c7556c0:   00007fa4a3766a80 00007fa4a345a030
0x00007fff5c7556d0:   00007fff7a634500 00007fa4a3736e10
0x00007fff5c7556e0:   00007fa4a3634450 0000000000000000
0x00007fff5c7556f0:   00007fa4a3634440 00007fff8b7565ab
0x00007fff5c755700:   00007fff5c755750 00007fff8f3973f8
0x00007fff5c755710:   0000000000000000 00007fa4a37528a0
0x00007fff5c755720:   00007fff5c755840 00007fff8f6b3b10
0x00007fff5c755730:   00007fff5c755750 00007fff8d40d4c0
0x00007fff5c755740:   00007fff5c755840 00007fff8f6b3b10
0x00007fff5c755750:   00007fff5c755770 00007fff8e5bf9de
0x00007fff5c755760:   4089000000000000 00007fff5c7557b8
0x00007fff5c755770:   00007fff5c7557f0 00007fff8e5bf937
0x00007fff5c755780:   00007fff7dc76420 0000000000000000
0x00007fff5c755790:   a2007d524c504963 00007fff5c755840 

Instructions: (pc=0x000000011cfc4966)
0x000000011cfc4946:   00 00 49 83 c7 08 ff cb 75 f0 48 8b bd c8 fb ff
0x000000011cfc4956:   ff e8 e2 81 00 00 48 8d 05 dd 5b 02 00 48 8b 38
0x000000011cfc4966:   48 8b 1f 48 8d 05 20 2c 02 00 48 8b 00 49 8b 34
0x000000011cfc4976:   06 48 8d 05 1a 5c 02 00 48 8b 10 f2 41 0f 2c 4d 

Register to memory mapping:

RAX=0x000000011cfea540: jEnv+0 in /Library/Java/JavaVirtualMachines/jdk1.8.0_60.jdk/Contents/Home/jre/lib/libglass.dylib at 0x000000011cfa1000
RBX=0x0000000000000000 is an unknown value
RCX=0x00000000007f8000 is an unknown value
RDX=0x000000000068e800 is an unknown value
RSP=0x00007fff5c7555a0 is an unknown value
RBP=0x00007fff5c7559e0 is an unknown value
RSI=0x0000000000000800 is an unknown value
RDI=0x0000000000000000 is an unknown value
R8 =0x0000000000000000 is an unknown value
R9 =0x0000000000000004 is an unknown value
R10=0x000000000016a000 is an unknown value
R11=0x0000000073167f3d is an unknown value
R12=0x00007fff7dbee070: __stack_chk_guard+0 in /usr/lib/system/libsystem_c.dylib at 0x00007fff9b4da000
R13=0x00007fff5c7559f0 is an unknown value
R14=0x00007fa4a345a030 is an unknown value
R15=0x00007fa4a502daf8 is an unknown value


Stack: [0x00007fff5bf5a000,0x00007fff5c75a000],  sp=0x00007fff5c7555a0,  free space=8173k
Native frames: (J=compiled Java code, j=interpreted, Vv=VM code, C=native code)
C  [libglass.dylib+0x23966]  -[GlassWindow(Java) _sendJavaWindowMoveEventForFrame:]+0xf6
C  [libglass.dylib+0x25101]  -[GlassWindow(Overrides) windowDidResize:]+0x91
C  [CoreFoundation+0xa0bbc]  __CFNOTIFICATIONCENTER_IS_CALLING_OUT_TO_AN_OBSERVER__+0xc
C  [CoreFoundation+0xa0b4f]  ___CFXRegistrationPost_block_invoke+0x3f
C  [CoreFoundation+0xa0ac7]  _CFXRegistrationPost+0x197
C  [CoreFoundation+0xa0832]  ___CFXNotificationPost_block_invoke+0x32
C  [CoreFoundation+0x5d5e2]  -[_CFXNotificationRegistrar find:object:observer:enumerator:]+0x782
C  [CoreFoundation+0x5c835]  _CFXNotificationPost+0x2b5
C  [Foundation+0x717a]  -[NSNotificationCenter postNotificationName:object:userInfo:]+0x42
C  [AppKit+0x11aa4a]  -[NSWindow _setFrameCommon:display:stashSize:]+0xdb3
C  [AppKit+0x119c88]  -[NSWindow _setFrame:display:allowImplicitAnimation:stashSize:]+0xde
C  [AppKit+0x119ba3]  -[NSWindow setFrame:display:]+0x43
C  [AppKit+0x286ea1]  __25-[NSWindow setStyleMask:]_block_invoke+0x8c1
C  [AppKit+0x183325]  NSPerformVisuallyAtomicChange+0x93
C  [AppKit+0x286595]  -[NSWindow setStyleMask:]+0xde
C  [AppKit+0x385c75]  -[NSWindow _didExitFullScreen:]+0x135
C  [AppKit+0x95cc7e]  __123-[_NSWindowFullScreenTransition _performExitFullScreenModeForWindow:windowController:options:customWindows:doKitAnimation:]_block_invoke_2+0x18d
C  [AppKit+0x95c9e1]  __123-[_NSWindowFullScreenTransition _performExitFullScreenModeForWindow:windowController:options:customWindows:doKitAnimation:]_block_invoke+0x514
C  [AppKit+0x877f17]  __177-[NSDockConnection(FullScreenMessages) sendFullScreenExitForTransition:synchronous:window:exitForClose:backgroundWindows:participatingWindows:customAnimation:completionHandler:]_block_invoke+0x3c
C  [libxpc.dylib+0xa333]  _xpc_connection_reply_callout+0x1a
C  [libxpc.dylib+0xa2d4]  _xpc_connection_call_reply+0x24
C  [libdispatch.dylib+0x240b]  _dispatch_client_callout+0x8
C  [libdispatch.dylib+0x15c1c]  _dispatch_main_queue_callback_4CF+0x695
C  [CoreFoundation+0xca9e9]  __CFRUNLOOP_IS_SERVICING_THE_MAIN_DISPATCH_QUEUE__+0x9
C  [CoreFoundation+0x898dd]  __CFRunLoopRun+0x79d
C  [CoreFoundation+0x88ed8]  CFRunLoopRunSpecific+0x128
C  [java+0x6463]  CreateExecutionEnvironment+0x367
C  [java+0x21ac]  JLI_Launch+0x7a0
C  [java+0x84c0]  main+0x65
C  [java+0x1a04]  start+0x34


---------------  P R O C E S S  ---------------

VM state:at safepoint (normal execution)

VM Mutex/Monitor currently owned by a thread:  ([mutex/lock_event])
[0x00007fa4a350d650] Threads_lock - owner thread: 0x00007fa4a3824000
[0x00007fa4a350db50] Heap_lock - owner thread: 0x00007fa4a400d000

Heap:
 PSYoungGen      total 38400K, used 13828K [0x0000000795580000, 0x0000000798000000, 0x00000007c0000000)
  eden space 33280K, 41% used [0x0000000795580000,0x00000007963013b0,0x0000000797600000)
  from space 5120K, 0% used [0x0000000797b00000,0x0000000797b00000,0x0000000798000000)
  to   space 5120K, 0% used [0x0000000797600000,0x0000000797600000,0x0000000797b00000)
 ParOldGen       total 87552K, used 0K [0x0000000740000000, 0x0000000745580000, 0x0000000795580000)
  object space 87552K, 0% used [0x0000000740000000,0x0000000740000000,0x0000000745580000)
 Metaspace       used 7043K, capacity 7348K, committed 7424K, reserved 1056768K
  class space    used 867K, capacity 949K, committed 1024K, reserved 1048576K

Card table byte_map: [0x00000001143c0000,0x00000001147c1000] byte_map_base: 0x00000001109c0000

Marking Bits: (ParMarkBitMap*) 0x0000000104006e20
 Begin Bits: [0x0000000114a6c000, 0x0000000116a6c000)
 End Bits:   [0x0000000116a6c000, 0x0000000118a6c000)

Polling page: 0x00000001046f8000

CodeCache: size=245760Kb used=2214Kb max_used=2226Kb free=243545Kb
 bounds [0x0000000105000000, 0x0000000105270000, 0x0000000114000000]
 total_blobs=903 nmethods=499 adapters=318
 compilation: enabled

Compilation events (10 events):
Event: 5.673 Thread 0x00007fa4a5027800  493       3       java.lang.invoke.MethodType::<init> (40 bytes)
Event: 5.674 Thread 0x00007fa4a5027800 nmethod 493 0x0000000105224990 code [0x0000000105224b60, 0x00000001052251c8]
Event: 5.674 Thread 0x00007fa4a5027800  494       3       java.lang.invoke.MethodTypeForm::canonicalize (64 bytes)
Event: 5.674 Thread 0x00007fa4a5027800 nmethod 494 0x0000000105225490 code [0x0000000105225620, 0x0000000105225a68]
Event: 7.259 Thread 0x00007fa4a5027800  495       3       com.sun.javafx.tk.quantum.QuantumToolkit::postPulse (148 bytes)
Event: 7.261 Thread 0x00007fa4a5027800 nmethod 495 0x0000000105225b90 code [0x0000000105225f20, 0x0000000105227f18]
Event: 11.459 Thread 0x00007fa4a5000800  498       4       java.lang.AbstractStringBuilder::append (50 bytes)
Event: 11.464 Thread 0x00007fa4a5000800 nmethod 498 0x000000010522c110 code [0x000000010522c280, 0x000000010522c698]
Event: 11.466 Thread 0x00007fa4a5027800  499       1       java.nio.Buffer::position (5 bytes)
Event: 11.466 Thread 0x00007fa4a5027800 nmethod 499 0x000000010522be50 code [0x000000010522bfa0, 0x000000010522c0b0]

GC Heap History (0 events):
No events

Deoptimization events (2 events):
Event: 0.964 Thread 0x00007fa4a50dd000 Uncommon trap: reason=unstable_if action=reinterpret pc=0x00000001051abbb4 method=java.lang.String.replace(CC)Ljava/lang/String; @ 2
Event: 0.966 Thread 0x00007fa4a50dd000 Uncommon trap: reason=unstable_if action=reinterpret pc=0x00000001051d3f1c method=java.lang.String.indexOf([CII[CIII)I @ 134

Internal exceptions (10 events):
Event: 0.046 Thread 0x00007fa4a400d000 Exception <a 'java/lang/NoSuchMethodError': Method sun.misc.Unsafe.defineClass(Ljava/lang/String;[BII)Ljava/lang/Class; name or signature does not match> (0x0000000795592c58) thrown at [/Users/java_re/workspace/8-2-build-macosx-x86_64/jdk8u60/4407/hotspot
Event: 0.046 Thread 0x00007fa4a400d000 Exception <a 'java/lang/NoSuchMethodError': Method sun.misc.Unsafe.prefetchRead(Ljava/lang/Object;J)V name or signature does not match> (0x0000000795592f40) thrown at [/Users/java_re/workspace/8-2-build-macosx-x86_64/jdk8u60/4407/hotspot/src/share/vm/prim
Event: 0.201 Thread 0x00007fa4a400d000 Exception <a 'java/lang/NoSuchFieldError': method resolution failed> (0x0000000795944d88) thrown at [/Users/java_re/workspace/8-2-build-macosx-x86_64/jdk8u60/4407/hotspot/src/share/vm/prims/methodHandles.cpp, line 1146]
Event: 0.203 Thread 0x00007fa4a400d000 Exception <a 'java/lang/NoSuchFieldError': method resolution failed> (0x0000000795952108) thrown at [/Users/java_re/workspace/8-2-build-macosx-x86_64/jdk8u60/4407/hotspot/src/share/vm/prims/methodHandles.cpp, line 1146]
Event: 0.254 Thread 0x00007fa4a40f0000 Exception <a 'java/security/PrivilegedActionException'> (0x0000000795a27a20) thrown at [/Users/java_re/workspace/8-2-build-macosx-x86_64/jdk8u60/4407/hotspot/src/share/vm/prims/jvm.cpp, line 1386]
Event: 0.254 Thread 0x00007fa4a40f0000 Exception <a 'java/security/PrivilegedActionException'> (0x0000000795a27c30) thrown at [/Users/java_re/workspace/8-2-build-macosx-x86_64/jdk8u60/4407/hotspot/src/share/vm/prims/jvm.cpp, line 1386]
Event: 0.255 Thread 0x00007fa4a40f0000 Exception <a 'java/security/PrivilegedActionException'> (0x0000000795a2aed0) thrown at [/Users/java_re/workspace/8-2-build-macosx-x86_64/jdk8u60/4407/hotspot/src/share/vm/prims/jvm.cpp, line 1386]
Event: 0.255 Thread 0x00007fa4a40f0000 Exception <a 'java/security/PrivilegedActionException'> (0x0000000795a2b0e0) thrown at [/Users/java_re/workspace/8-2-build-macosx-x86_64/jdk8u60/4407/hotspot/src/share/vm/prims/jvm.cpp, line 1386]
Event: 0.255 Thread 0x00007fa4a40f0000 Exception <a 'java/lang/NullPointerException'> (0x0000000795a2b8d0) thrown at [/Users/java_re/workspace/8-2-build-macosx-x86_64/jdk8u60/4407/hotspot/src/share/vm/interpreter/linkResolver.cpp, line 1178]
Event: 11.463 Thread 0x00007fa4a50dd000 Exception <a 'java/lang/NullPointerException'> (0x00000007961ecc70) thrown at [/Users/java_re/workspace/8-2-build-macosx-x86_64/jdk8u60/4407/hotspot/src/share/vm/prims/jvm.cpp, line 1390]

Events (10 events):
Event: 11.471 Thread 0x00007fa4a501a800 Thread exited: 0x00007fa4a501a800
Event: 11.472 Thread 0x00007fa4a40f0000 Thread exited: 0x00007fa4a40f0000
Event: 11.472 Thread 0x00007fa4a400d000 Thread exited: 0x00007fa4a400d000
Event: 11.472 Thread 0x00007fa4a400d000 Thread added: 0x00007fa4a400d000
Event: 11.472 Thread 0x00007fa4a50dd000 Thread exited: 0x00007fa4a50dd000
Event: 11.472 loading class java/util/IdentityHashMap$KeyIterator
Event: 11.472 loading class java/util/IdentityHashMap$IdentityHashMapIterator
Event: 11.472 loading class java/util/IdentityHashMap$IdentityHashMapIterator done
Event: 11.472 loading class java/util/IdentityHashMap$KeyIterator done
Event: 11.472 Thread 0x00007fa4a400d000 Thread exited: 0x00007fa4a400d000


Dynamic libraries:
0x000000000a3bd000 	/System/Library/Frameworks/Cocoa.framework/Versions/A/Cocoa
0x000000000a3bd000 	/System/Library/Frameworks/Security.framework/Versions/A/Security
0x000000000a3bd000 	/System/Library/Frameworks/ApplicationServices.framework/Versions/A/ApplicationServices
0x000000000a3bd000 	/usr/lib/libz.1.dylib
0x000000000a3bd000 	/usr/lib/libSystem.B.dylib
0x000000000a3bd000 	/usr/lib/libobjc.A.dylib
0x000000000a3bd000 	/System/Library/Frameworks/CoreFoundation.framework/Versions/A/CoreFoundation
0x000000000a3bd000 	/System/Library/Frameworks/Foundation.framework/Versions/C/Foundation
0x000000000a3bd000 	/System/Library/Frameworks/AppKit.framework/Versions/C/AppKit
0x000000000a3bd000 	/System/Library/Frameworks/CoreData.framework/Versions/A/CoreData
0x000000000a3bd000 	/System/Library/PrivateFrameworks/RemoteViewServices.framework/Versions/A/RemoteViewServices
0x000000000a3bd000 	/System/Library/PrivateFrameworks/UIFoundation.framework/Versions/A/UIFoundation
0x000000000a3bd000 	/usr/lib/libScreenReader.dylib
0x000000000a3bd000 	/System/Library/Frameworks/Accelerate.framework/Versions/A/Accelerate
0x000000000a3bd000 	/System/Library/Frameworks/IOSurface.framework/Versions/A/IOSurface
0x000000000a3bd000 	/System/Library/Frameworks/AudioToolbox.framework/Versions/A/AudioToolbox
0x000000000a3bd000 	/System/Library/Frameworks/AudioUnit.framework/Versions/A/AudioUnit
0x000000000a3bd000 	/System/Library/PrivateFrameworks/DataDetectorsCore.framework/Versions/A/DataDetectorsCore
0x000000000a3bd000 	/System/Library/PrivateFrameworks/DesktopServicesPriv.framework/Versions/A/DesktopServicesPriv
0x000000000a3bd000 	/System/Library/Frameworks/Carbon.framework/Versions/A/Frameworks/HIToolbox.framework/Versions/A/HIToolbox
0x000000000a3bd000 	/System/Library/Frameworks/QuartzCore.framework/Versions/A/QuartzCore
0x000000000a3bd000 	/System/Library/Frameworks/Carbon.framework/Versions/A/Frameworks/SpeechRecognition.framework/Versions/A/SpeechRecognition
0x000000000a3bd000 	/usr/lib/libauto.dylib
0x000000000a3bd000 	/usr/lib/libicucore.A.dylib
0x000000000a3bd000 	/usr/lib/libxml2.2.dylib
0x000000000a3bd000 	/System/Library/PrivateFrameworks/CoreUI.framework/Versions/A/CoreUI
0x000000000a3bd000 	/System/Library/Frameworks/CoreAudio.framework/Versions/A/CoreAudio
0x000000000a3bd000 	/System/Library/Frameworks/DiskArbitration.framework/Versions/A/DiskArbitration
0x000000000a3bd000 	/usr/lib/liblangid.dylib
0x000000000a3bd000 	/System/Library/PrivateFrameworks/MultitouchSupport.framework/Versions/A/MultitouchSupport
0x000000000a3bd000 	/System/Library/Frameworks/IOKit.framework/Versions/A/IOKit
0x000000000a3bd000 	/usr/lib/libDiagnosticMessagesClient.dylib
0x000000000a3bd000 	/System/Library/Frameworks/CoreServices.framework/Versions/A/CoreServices
0x000000000a3bd000 	/System/Library/PrivateFrameworks/PerformanceAnalysis.framework/Versions/A/PerformanceAnalysis
0x000000000a3bd000 	/System/Library/PrivateFrameworks/GenerationalStorage.framework/Versions/A/GenerationalStorage
0x000000000a3bd000 	/System/Library/Frameworks/OpenGL.framework/Versions/A/OpenGL
0x000000000a3bd000 	/System/Library/PrivateFrameworks/Sharing.framework/Versions/A/Sharing
0x000000000a3bd000 	/System/Library/Frameworks/CoreGraphics.framework/Versions/A/CoreGraphics
0x000000000a3bd000 	/System/Library/Frameworks/CoreImage.framework/Versions/A/CoreImage
0x000000000a3bd000 	/System/Library/Frameworks/CoreText.framework/Versions/A/CoreText
0x000000000a3bd000 	/System/Library/Frameworks/ImageIO.framework/Versions/A/ImageIO
0x000000000a3bd000 	/System/Library/PrivateFrameworks/Backup.framework/Versions/A/Backup
0x000000000a3bd000 	/usr/lib/libextension.dylib
0x000000000a3bd000 	/usr/lib/libarchive.2.dylib
0x000000000a3bd000 	/System/Library/Frameworks/CFNetwork.framework/Versions/A/CFNetwork
0x000000000a3bd000 	/System/Library/Frameworks/SystemConfiguration.framework/Versions/A/SystemConfiguration
0x000000000a3bd000 	/usr/lib/libCRFSuite.dylib
0x000000000a3bd000 	/usr/lib/libc++.1.dylib
0x000000000a3bd000 	/usr/lib/libc++abi.dylib
0x000000000a3bd000 	/usr/lib/system/libcache.dylib
0x000000000a3bd000 	/usr/lib/system/libcommonCrypto.dylib
0x000000000a3bd000 	/usr/lib/system/libcompiler_rt.dylib
0x000000000a3bd000 	/usr/lib/system/libcopyfile.dylib
0x000000000a3bd000 	/usr/lib/system/libcorecrypto.dylib
0x000000000a3bd000 	/usr/lib/system/libdispatch.dylib
0x000000000a3bd000 	/usr/lib/system/libdyld.dylib
0x000000000a3bd000 	/usr/lib/system/libkeymgr.dylib
0x000000000a3bd000 	/usr/lib/system/liblaunch.dylib
0x000000000a3bd000 	/usr/lib/system/libmacho.dylib
0x000000000a3bd000 	/usr/lib/system/libquarantine.dylib
0x000000000a3bd000 	/usr/lib/system/libremovefile.dylib
0x000000000a3bd000 	/usr/lib/system/libsystem_asl.dylib
0x000000000a3bd000 	/usr/lib/system/libsystem_blocks.dylib
0x000000000a3bd000 	/usr/lib/system/libsystem_c.dylib
0x000000000a3bd000 	/usr/lib/system/libsystem_configuration.dylib
0x000000000a3bd000 	/usr/lib/system/libsystem_coreservices.dylib
0x000000000a3bd000 	/usr/lib/system/libsystem_coretls.dylib
0x000000000a3bd000 	/usr/lib/system/libsystem_dnssd.dylib
0x000000000a3bd000 	/usr/lib/system/libsystem_info.dylib
0x000000000a3bd000 	/usr/lib/system/libsystem_kernel.dylib
0x000000000a3bd000 	/usr/lib/system/libsystem_m.dylib
0x000000000a3bd000 	/usr/lib/system/libsystem_malloc.dylib
0x000000000a3bd000 	/usr/lib/system/libsystem_network.dylib
0x000000000a3bd000 	/usr/lib/system/libsystem_networkextension.dylib
0x000000000a3bd000 	/usr/lib/system/libsystem_notify.dylib
0x000000000a3bd000 	/usr/lib/system/libsystem_platform.dylib
0x000000000a3bd000 	/usr/lib/system/libsystem_pthread.dylib
0x000000000a3bd000 	/usr/lib/system/libsystem_sandbox.dylib
0x000000000a3bd000 	/usr/lib/system/libsystem_secinit.dylib
0x000000000a3bd000 	/usr/lib/system/libsystem_trace.dylib
0x000000000a3bd000 	/usr/lib/system/libunc.dylib
0x000000000a3bd000 	/usr/lib/system/libunwind.dylib
0x000000000a3bd000 	/usr/lib/system/libxpc.dylib
0x000000000a3bd000 	/usr/lib/libenergytrace.dylib
0x000000000a3bd000 	/usr/lib/libbsm.0.dylib
0x000000000a3bd000 	/usr/lib/system/libkxld.dylib
0x000000000a3bd000 	/usr/lib/libxar.1.dylib
0x000000000a3bd000 	/usr/lib/libsqlite3.dylib
0x000000000a3bd000 	/usr/lib/libpam.2.dylib
0x000000000a3bd000 	/usr/lib/libOpenScriptingUtil.dylib
0x000000000a3bd000 	/usr/lib/libbz2.1.0.dylib
0x000000000a3bd000 	/usr/lib/liblzma.5.dylib
0x000000000a3bd000 	/System/Library/Frameworks/CoreServices.framework/Versions/A/Frameworks/FSEvents.framework/Versions/A/FSEvents
0x000000000a3bd000 	/System/Library/Frameworks/CoreServices.framework/Versions/A/Frameworks/CarbonCore.framework/Versions/A/CarbonCore
0x000000000a3bd000 	/System/Library/Frameworks/CoreServices.framework/Versions/A/Frameworks/Metadata.framework/Versions/A/Metadata
0x000000000a3bd000 	/System/Library/Frameworks/CoreServices.framework/Versions/A/Frameworks/OSServices.framework/Versions/A/OSServices
0x000000000a3bd000 	/System/Library/Frameworks/CoreServices.framework/Versions/A/Frameworks/SearchKit.framework/Versions/A/SearchKit
0x000000000a3bd000 	/System/Library/Frameworks/CoreServices.framework/Versions/A/Frameworks/AE.framework/Versions/A/AE
0x000000000a3bd000 	/System/Library/Frameworks/CoreServices.framework/Versions/A/Frameworks/LaunchServices.framework/Versions/A/LaunchServices
0x000000000a3bd000 	/System/Library/Frameworks/CoreServices.framework/Versions/A/Frameworks/DictionaryServices.framework/Versions/A/DictionaryServices
0x000000000a3bd000 	/System/Library/Frameworks/CoreServices.framework/Versions/A/Frameworks/SharedFileList.framework/Versions/A/SharedFileList
0x000000000a3bd000 	/System/Library/Frameworks/NetFS.framework/Versions/A/NetFS
0x000000000a3bd000 	/System/Library/PrivateFrameworks/NetAuth.framework/Versions/A/NetAuth
0x000000000a3bd000 	/System/Library/PrivateFrameworks/login.framework/Versions/A/Frameworks/loginsupport.framework/Versions/A/loginsupport
0x000000000a3bd000 	/System/Library/PrivateFrameworks/TCC.framework/Versions/A/TCC
0x000000000a3bd000 	/usr/lib/libmecabra.dylib
0x000000000a3bd000 	/System/Library/Frameworks/ApplicationServices.framework/Versions/A/Frameworks/ATS.framework/Versions/A/ATS
0x000000000a3bd000 	/System/Library/Frameworks/ApplicationServices.framework/Versions/A/Frameworks/ColorSync.framework/Versions/A/ColorSync
0x000000000a3bd000 	/System/Library/Frameworks/ApplicationServices.framework/Versions/A/Frameworks/HIServices.framework/Versions/A/HIServices
0x000000000a3bd000 	/System/Library/Frameworks/ApplicationServices.framework/Versions/A/Frameworks/LangAnalysis.framework/Versions/A/LangAnalysis
0x000000000a3bd000 	/System/Library/Frameworks/ApplicationServices.framework/Versions/A/Frameworks/PrintCore.framework/Versions/A/PrintCore
0x000000000a3bd000 	/System/Library/Frameworks/ApplicationServices.framework/Versions/A/Frameworks/QD.framework/Versions/A/QD
0x000000000a3bd000 	/System/Library/Frameworks/ApplicationServices.framework/Versions/A/Frameworks/SpeechSynthesis.framework/Versions/A/SpeechSynthesis
0x000000000a3bd000 	/System/Library/Frameworks/Metal.framework/Versions/A/Metal
0x000000000a3bd000 	/System/Library/Frameworks/Accelerate.framework/Versions/A/Frameworks/vImage.framework/Versions/A/vImage
0x000000000a3bd000 	/System/Library/Frameworks/Accelerate.framework/Versions/A/Frameworks/vecLib.framework/Versions/A/vecLib
0x000000000a3bd000 	/System/Library/Frameworks/Accelerate.framework/Versions/A/Frameworks/vecLib.framework/Versions/A/libvDSP.dylib
0x000000000a3bd000 	/System/Library/Frameworks/Accelerate.framework/Versions/A/Frameworks/vecLib.framework/Versions/A/libvMisc.dylib
0x000000000a3bd000 	/System/Library/Frameworks/Accelerate.framework/Versions/A/Frameworks/vecLib.framework/Versions/A/libLAPACK.dylib
0x000000000a3bd000 	/System/Library/Frameworks/Accelerate.framework/Versions/A/Frameworks/vecLib.framework/Versions/A/libBLAS.dylib
0x000000000a3bd000 	/System/Library/Frameworks/Accelerate.framework/Versions/A/Frameworks/vecLib.framework/Versions/A/libLinearAlgebra.dylib
0x000000000a3bd000 	/System/Library/Frameworks/Accelerate.framework/Versions/A/Frameworks/vecLib.framework/Versions/A/libSparseBLAS.dylib
0x000000000a3bd000 	/System/Library/PrivateFrameworks/GPUCompiler.framework/libmetal_timestamp.dylib
0x000000000a3bd000 	/System/Library/Frameworks/OpenGL.framework/Versions/A/Libraries/libCoreFSCache.dylib
0x000000000a3bd000 	/System/Library/PrivateFrameworks/IOAccelerator.framework/Versions/A/IOAccelerator
0x000000000a3bd000 	/System/Library/Frameworks/ApplicationServices.framework/Versions/A/Frameworks/ATS.framework/Versions/A/Resources/libFontParser.dylib
0x000000000a3bd000 	/System/Library/Frameworks/ApplicationServices.framework/Versions/A/Frameworks/ATS.framework/Versions/A/Resources/libFontRegistry.dylib
0x000000000a3bd000 	/System/Library/PrivateFrameworks/AppleVPA.framework/Versions/A/AppleVPA
0x000000000a3bd000 	/System/Library/PrivateFrameworks/AppleJPEG.framework/Versions/A/AppleJPEG
0x000000000a3bd000 	/System/Library/Frameworks/ImageIO.framework/Versions/A/Resources/libJPEG.dylib
0x000000000a3bd000 	/System/Library/Frameworks/ImageIO.framework/Versions/A/Resources/libTIFF.dylib
0x000000000a3bd000 	/System/Library/Frameworks/ImageIO.framework/Versions/A/Resources/libPng.dylib
0x000000000a3bd000 	/System/Library/Frameworks/ImageIO.framework/Versions/A/Resources/libGIF.dylib
0x000000000a3bd000 	/System/Library/Frameworks/ImageIO.framework/Versions/A/Resources/libJP2.dylib
0x000000000a3bd000 	/System/Library/Frameworks/ImageIO.framework/Versions/A/Resources/libRadiance.dylib
0x000000000a3bd000 	/System/Library/Frameworks/CoreVideo.framework/Versions/A/CoreVideo
0x000000000a3bd000 	/System/Library/Frameworks/OpenGL.framework/Versions/A/Libraries/libGLU.dylib
0x000000000a3bd000 	/System/Library/Frameworks/OpenGL.framework/Versions/A/Libraries/libGFXShared.dylib
0x000000000a3bd000 	/System/Library/Frameworks/OpenGL.framework/Versions/A/Libraries/libGL.dylib
0x000000000a3bd000 	/System/Library/Frameworks/OpenGL.framework/Versions/A/Libraries/libGLImage.dylib
0x000000000a3bd000 	/System/Library/Frameworks/OpenGL.framework/Versions/A/Libraries/libCVMSPluginSupport.dylib
0x000000000a3bd000 	/System/Library/Frameworks/OpenGL.framework/Versions/A/Libraries/libCoreVMClient.dylib
0x000000000a3bd000 	/usr/lib/libcompression.dylib
0x000000000a3bd000 	/usr/lib/libcups.2.dylib
0x000000000a3bd000 	/System/Library/Frameworks/Kerberos.framework/Versions/A/Kerberos
0x000000000a3bd000 	/System/Library/Frameworks/GSS.framework/Versions/A/GSS
0x000000000a3bd000 	/usr/lib/libresolv.9.dylib
0x000000000a3bd000 	/usr/lib/libiconv.2.dylib
0x000000000a3bd000 	/System/Library/PrivateFrameworks/Heimdal.framework/Versions/A/Heimdal
0x000000000a3bd000 	/usr/lib/libheimdal-asn1.dylib
0x000000000a3bd000 	/System/Library/Frameworks/OpenDirectory.framework/Versions/A/OpenDirectory
0x000000000a3bd000 	/System/Library/PrivateFrameworks/CommonAuth.framework/Versions/A/CommonAuth
0x000000000a3bd000 	/System/Library/Frameworks/OpenDirectory.framework/Versions/A/Frameworks/CFOpenDirectory.framework/Versions/A/CFOpenDirectory
0x000000000a3bd000 	/System/Library/Frameworks/SecurityFoundation.framework/Versions/A/SecurityFoundation
0x000000000a3bd000 	/System/Library/PrivateFrameworks/LanguageModeling.framework/Versions/A/LanguageModeling
0x000000000a3bd000 	/usr/lib/libmarisa.dylib
0x000000000a3bd000 	/usr/lib/libChineseTokenizer.dylib
0x000000000a3bd000 	/usr/lib/libcmph.dylib
0x000000000a3bd000 	/System/Library/Frameworks/ServiceManagement.framework/Versions/A/ServiceManagement
0x000000000a3bd000 	/usr/lib/libxslt.1.dylib
0x000000000a3bd000 	/System/Library/Frameworks/Carbon.framework/Versions/A/Frameworks/Ink.framework/Versions/A/Ink
0x000000000a3bd000 	/usr/lib/libFosl_dynamic.dylib
0x000000000a3bd000 	/System/Library/PrivateFrameworks/FaceCore.framework/Versions/A/FaceCore
0x000000000a3bd000 	/System/Library/Frameworks/OpenCL.framework/Versions/A/OpenCL
0x000000000a3bd000 	/System/Library/PrivateFrameworks/CrashReporterSupport.framework/Versions/A/CrashReporterSupport
0x000000000a3bd000 	/System/Library/PrivateFrameworks/IconServices.framework/Versions/A/IconServices
0x000000000a3bd000 	/System/Library/PrivateFrameworks/Apple80211.framework/Versions/A/Apple80211
0x000000000a3bd000 	/System/Library/Frameworks/CoreWLAN.framework/Versions/A/CoreWLAN
0x000000000a3bd000 	/System/Library/Frameworks/IOBluetooth.framework/Versions/A/IOBluetooth
0x000000000a3bd000 	/System/Library/PrivateFrameworks/CoreWiFi.framework/Versions/A/CoreWiFi
0x000000000a3bd000 	/System/Library/Frameworks/CoreBluetooth.framework/Versions/A/CoreBluetooth
0x000000000a3bd000 	/System/Library/PrivateFrameworks/ChunkingLibrary.framework/Versions/A/ChunkingLibrary
0x000000000a3bd000 	/System/Library/PrivateFrameworks/DebugSymbols.framework/Versions/A/DebugSymbols
0x000000000a3bd000 	/System/Library/PrivateFrameworks/CoreSymbolication.framework/Versions/A/CoreSymbolication
0x000000000a3bd000 	/System/Library/PrivateFrameworks/Symbolication.framework/Versions/A/Symbolication
0x000000000a3bd000 	/System/Library/PrivateFrameworks/SpeechRecognitionCore.framework/Versions/A/SpeechRecognitionCore
0x00000000493f2000 	/System/Library/CoreServices/Encodings/libCyrillicConverter.dylib
0x0000000103728000 	/Library/Java/JavaVirtualMachines/jdk1.8.0_60.jdk/Contents/Home/jre/lib/server/libjvm.dylib
0x000000000a3bd000 	/usr/lib/libstdc++.6.dylib
0x00000001046b1000 	/Library/Java/JavaVirtualMachines/jdk1.8.0_60.jdk/Contents/Home/jre/lib/libverify.dylib
0x00000001046c3000 	/Library/Java/JavaVirtualMachines/jdk1.8.0_60.jdk/Contents/Home/jre/lib/libjava.dylib
0x0000000104702000 	/Library/Java/JavaVirtualMachines/jdk1.8.0_60.jdk/Contents/Home/jre/lib/libzip.dylib
0x000000011a877000 	/System/Library/Frameworks/JavaVM.framework/Frameworks/JavaRuntimeSupport.framework/JavaRuntimeSupport
0x000000011a892000 	/System/Library/Frameworks/JavaVM.framework/Versions/A/Frameworks/JavaNativeFoundation.framework/Versions/A/JavaNativeFoundation
0x000000011a8a7000 	/System/Library/Frameworks/JavaVM.framework/Versions/A/JavaVM
0x000000000a3bd000 	/System/Library/Frameworks/Carbon.framework/Versions/A/Carbon
0x000000011a8b4000 	/System/Library/PrivateFrameworks/JavaLaunching.framework/Versions/A/JavaLaunching
0x000000000a3bd000 	/System/Library/Frameworks/Carbon.framework/Versions/A/Frameworks/CommonPanels.framework/Versions/A/CommonPanels
0x000000000a3bd000 	/System/Library/Frameworks/Carbon.framework/Versions/A/Frameworks/Help.framework/Versions/A/Help
0x000000000a3bd000 	/System/Library/Frameworks/Carbon.framework/Versions/A/Frameworks/ImageCapture.framework/Versions/A/ImageCapture
0x000000000a3bd000 	/System/Library/Frameworks/Carbon.framework/Versions/A/Frameworks/OpenScripting.framework/Versions/A/OpenScripting
0x000000000a3bd000 	/System/Library/Frameworks/Carbon.framework/Versions/A/Frameworks/Print.framework/Versions/A/Print
0x000000000a3bd000 	/System/Library/Frameworks/Carbon.framework/Versions/A/Frameworks/SecurityHI.framework/Versions/A/SecurityHI
0x000000011c2ee000 	/Applications/IntelliJ IDEA 15.app/Contents/bin/libbreakgen64.jnilib
0x000000011c387000 	/Library/Java/JavaVirtualMachines/jdk1.8.0_60.jdk/Contents/Home/jre/lib/libnet.dylib
0x000000011c3e6000 	/Library/Java/JavaVirtualMachines/jdk1.8.0_60.jdk/Contents/Home/jre/lib/libprism_es2.dylib
0x000000000a3bd000 	/System/Library/Frameworks/OpenGL.framework/Versions/A/Resources/GLEngine.bundle/GLEngine
0x000000000a3bd000 	/System/Library/Frameworks/OpenGL.framework/Versions/A/Libraries/libGLProgrammability.dylib
0x000000011c468000 	/System/Library/Extensions/AppleIntelBDWGraphicsGLDriver.bundle/Contents/MacOS/AppleIntelBDWGraphicsGLDriver
0x000000000a3bd000 	/System/Library/PrivateFrameworks/GPUSupport.framework/Versions/A/Libraries/libGPUSupportMercury.dylib
0x000000000a3bd000 	/System/Library/Frameworks/OpenGL.framework/Versions/A/Resources/GLRendererFloat.bundle/GLRendererFloat
0x000000000a3bd000 	/System/Library/Frameworks/OpenCL.framework/Versions/A/Libraries/libcldcpuengine.dylib
0x000000000a3bd000 	/System/Library/PrivateFrameworks/DiskImages.framework/Versions/A/DiskImages
0x000000000a3bd000 	/System/Library/Frameworks/DiscRecording.framework/Versions/A/DiscRecording
0x000000000a3bd000 	/usr/lib/libcsfde.dylib
0x000000000a3bd000 	/usr/lib/libcurl.4.dylib
0x000000000a3bd000 	/System/Library/PrivateFrameworks/MediaKit.framework/Versions/A/MediaKit
0x000000000a3bd000 	/System/Library/PrivateFrameworks/ProtectedCloudStorage.framework/Versions/A/ProtectedCloudStorage
0x000000000a3bd000 	/usr/lib/libCoreStorage.dylib
0x000000000a3bd000 	/System/Library/PrivateFrameworks/EFILogin.framework/Versions/A/EFILogin
0x000000000a3bd000 	/usr/lib/libutil.dylib
0x000000000a3bd000 	/System/Library/PrivateFrameworks/FindMyDevice.framework/Versions/A/FindMyDevice
0x000000000a3bd000 	/System/Library/Frameworks/LDAP.framework/Versions/A/LDAP
0x000000000a3bd000 	/usr/lib/libsasl2.2.dylib
0x000000000a3bd000 	/System/Library/PrivateFrameworks/CoreDaemon.framework/Versions/B/CoreDaemon
0x000000000a3bd000 	/usr/lib/libcrypto.0.9.8.dylib
0x000000000a3bd000 	/System/Library/PrivateFrameworks/AppleSRP.framework/Versions/A/AppleSRP
0x000000000a3bd000 	/System/Library/PrivateFrameworks/TrustEvaluationAgent.framework/Versions/A/TrustEvaluationAgent
0x000000011cfa1000 	/Library/Java/JavaVirtualMachines/jdk1.8.0_60.jdk/Contents/Home/jre/lib/libglass.dylib
0x000000000a3bd000 	/System/Library/PrivateFrameworks/CoreServicesInternal.framework/Versions/A/CoreServicesInternal
0x000000000a3bd000 	/System/Library/CoreServices/RawCamera.bundle/Contents/MacOS/RawCamera
0x000000000a3bd000 	/System/Library/Frameworks/CoreGraphics.framework/Versions/A/Resources/libRIP.A.dylib
0x000000000a3bd000 	/System/Library/Frameworks/Accelerate.framework/Versions/A/Frameworks/vImage.framework/Versions/A/Libraries/libCGInterfaces.dylib
0x000000000a3bd000 	/System/Library/PrivateFrameworks/FamilyControls.framework/Versions/A/FamilyControls
0x000000000a3bd000 	/System/Library/PrivateFrameworks/CommerceKit.framework/Versions/A/Frameworks/CommerceCore.framework/Versions/A/CommerceCore
0x000000000a3bd000 	/System/Library/PrivateFrameworks/SystemAdministration.framework/Versions/A/SystemAdministration
0x000000000a3bd000 	/System/Library/PrivateFrameworks/AppContainer.framework/Versions/A/AppContainer
0x000000000a3bd000 	/System/Library/PrivateFrameworks/SecCodeWrapper.framework/Versions/A/SecCodeWrapper
0x000000000a3bd000 	/System/Library/Frameworks/DirectoryService.framework/Versions/A/DirectoryService
0x000000000a3bd000 	/System/Library/PrivateFrameworks/LoginUIKit.framework/Versions/A/Frameworks/LoginUICore.framework/Versions/A/LoginUICore
0x000000000a3bd000 	/usr/lib/libodfde.dylib
0x000000000a3bd000 	/System/Library/Frameworks/CoreGraphics.framework/Versions/A/Resources/libCGXType.A.dylib
0x0000000121650000 	cl_kernels
0x000000000a3bd000 	/System/Library/Frameworks/OpenCL.framework/Versions/A/Libraries/ImageFormats/unorm8_bgra.dylib
0x000000000a3bd000 	/System/Library/Frameworks/OpenCL.framework/Versions/A/Libraries/ImageFormats/unorm8_rgba.dylib
0x000000012139b000 	/System/Library/Extensions/AppleIntelBDWGraphicsMTLDriver.bundle/Contents/MacOS/AppleIntelBDWGraphicsMTLDriver

VM Arguments:
jvm_args: -Didea.launcher.port=7532 -Didea.launcher.bin.path=/Applications/IntelliJ IDEA 15.app/Contents/bin -Dfile.encoding=UTF-8 
java_command: com.intellij.rt.execution.application.AppMain sample.Main
java_class_path (initial): /Library/Java/JavaVirtualMachines/jdk1.8.0_60.jdk/Contents/Home/jre/lib/charsets.jar:/Library/Java/JavaVirtualMachines/jdk1.8.0_60.jdk/Contents/Home/jre/lib/deploy.jar:/Library/Java/JavaVirtualMachines/jdk1.8.0_60.jdk/Contents/Home/jre/lib/ext/cldrdata.jar:/Library/Java/JavaVirtualMachines/jdk1.8.0_60.jdk/Contents/Home/jre/lib/ext/dnsns.jar:/Library/Java/JavaVirtualMachines/jdk1.8.0_60.jdk/Contents/Home/jre/lib/ext/jaccess.jar:/Library/Java/JavaVirtualMachines/jdk1.8.0_60.jdk/Contents/Home/jre/lib/ext/jfxrt.jar:/Library/Java/JavaVirtualMachines/jdk1.8.0_60.jdk/Contents/Home/jre/lib/ext/localedata.jar:/Library/Java/JavaVirtualMachines/jdk1.8.0_60.jdk/Contents/Home/jre/lib/ext/nashorn.jar:/Library/Java/JavaVirtualMachines/jdk1.8.0_60.jdk/Contents/Home/jre/lib/ext/sunec.jar:/Library/Java/JavaVirtualMachines/jdk1.8.0_60.jdk/Contents/Home/jre/lib/ext/sunjce_provider.jar:/Library/Java/JavaVirtualMachines/jdk1.8.0_60.jdk/Contents/Home/jre/lib/ext/sunpkcs11.jar:/Library/Java/JavaVirtualMachines/jdk1.8.0_60.jdk/Contents/Home/jre/lib/ext/zipfs.jar:/Library/Java/JavaVirtualMachines/jdk1.8.0_60.jdk/Contents/Home/jre/lib/javaws.jar:/Library/Java/JavaVirtualMachines/jdk1.8.0_60.jdk/Contents/Home/jre/lib/jce.jar:/Library/Java/JavaVirtualMachines/jdk1.8.0_60.jdk/Contents/Home/jre/lib/jfr.jar:/Library/Java/JavaVirtualMachines/jdk1.8.0_60.jdk/Contents/Home/jre/lib/jfxswt.jar:/Library/Java/JavaVirtualMachines/jdk1.8.0_60.jdk/Contents/Home/jre/lib/jsse.jar:/Library/Java/JavaVirtualMachines/jdk1.8.0_60.jdk/Contents/Home/jre/lib/management-agent.jar:/Library/Java/JavaVirtualMachines/jdk1.8.0_60.jdk/Contents/Home/jre/lib/plugin.jar:/Library/Java/JavaVirtualMachines/jdk1.8.0_60.jdk/Contents/Home/jre/lib/resources.jar:/Library/Java/JavaVirtualMachines/jdk1.8.0_60.jdk/Contents/Home/jre/lib/rt.jar:/Library/Java/JavaVirtualMachines/jdk1.8.0_60.jdk/Contents/Home/lib/ant-javafx.jar:/Library/Java/JavaVirtualMachines/jdk1.8.0_60.jdk/Contents/Home/lib/dt.jar:/Library/Ja
Launcher Type: SUN_STANDARD

Environment Variables:
PATH=/Users/YuryBandarchuk/bin:/usr/local/bin:/usr/bin:/bin:/usr/sbin:/sbin:/usr/local/go/bin
SHELL=/bin/bash

Signal Handlers:
SIGSEGV: [libjvm.dylib+0x5a6d31], sa_mask[0]=11111111011111110111111111111111, sa_flags=SA_ONSTACK|SA_RESTART|SA_SIGINFO
SIGBUS: [libjvm.dylib+0x5a6d31], sa_mask[0]=11111111011111110111111111111111, sa_flags=SA_RESTART|SA_SIGINFO
SIGFPE: [libjvm.dylib+0x480a4c], sa_mask[0]=11111111011111110111111111111111, sa_flags=SA_RESTART|SA_SIGINFO
SIGPIPE: [libjvm.dylib+0x480a4c], sa_mask[0]=11111111011111110111111111111111, sa_flags=SA_RESTART|SA_SIGINFO
SIGXFSZ: [libjvm.dylib+0x480a4c], sa_mask[0]=11111111011111110111111111111111, sa_flags=SA_RESTART|SA_SIGINFO
SIGILL: [libjvm.dylib+0x480a4c], sa_mask[0]=11111111011111110111111111111111, sa_flags=SA_RESTART|SA_SIGINFO
SIGUSR1: SIG_DFL, sa_mask[0]=00000000000000000000000000000000, sa_flags=none
SIGUSR2: [libjvm.dylib+0x48056a], sa_mask[0]=00100000000000000000000000000000, sa_flags=SA_RESTART|SA_SIGINFO
SIGHUP: [libjvm.dylib+0x47eb41], sa_mask[0]=11111111011111110111111111111111, sa_flags=SA_RESTART|SA_SIGINFO
SIGINT: [libjvm.dylib+0x47eb41], sa_mask[0]=11111111011111110111111111111111, sa_flags=SA_RESTART|SA_SIGINFO
SIGTERM: [libjvm.dylib+0x47eb41], sa_mask[0]=11111111011111110111111111111111, sa_flags=SA_RESTART|SA_SIGINFO
SIGQUIT: [libjvm.dylib+0x47eb41], sa_mask[0]=11111111011111110111111111111111, sa_flags=SA_RESTART|SA_SIGINFO


---------------  S Y S T E M  ---------------

OS:Bsduname:Darwin 15.5.0 Darwin Kernel Version 15.5.0: Tue Apr 19 18:36:36 PDT 2016; root:xnu-3248.50.21~8/RELEASE_X86_64 x86_64
rlimit: STACK 8192k, CORE 0k, NPROC 709, NOFILE 10240, AS infinity
load average:2.71 2.31 1.87

CPU:total 4 (2 cores per cpu, 2 threads per core) family 6 model 61 stepping 4, cmov, cx8, fxsr, mmx, sse, sse2, sse3, ssse3, sse4.1, sse4.2, popcnt, avx, avx2, aes, clmul, erms, 3dnowpref, lzcnt, ht, tsc, tscinvbit, bmi1, bmi2, adx

Memory: 4k page, physical 8388608k(312100k free)

/proc/meminfo:


vm_info: Java HotSpot(TM) 64-Bit Server VM (25.60-b23) for bsd-amd64 JRE (1.8.0_60-b27), built on Aug  4 2015 10:47:24 by "java_re" with gcc 4.2.1 (Based on Apple Inc. build 5658) (LLVM build 2336.11.00)

time: Tue Nov 15 01:47:48 2016
elapsed time: 11 seconds (0d 0h 0m 11s)

